[2026-03-15T16:44:12.210Z] CallReq method=SlashCmd callID=135 args=["<Buffer:/>"] kwargs={"type":"dict","entries":[["machoVersion",1]]} raw=[1,"<Buffer:SlashCmd>",["<Buffer:/>"],{"type":"dict","entries":[["machoVersion",1]]}]
[2026-03-15T16:44:12.212Z] SlashCmd user=2 char=140000005 command="/" args=["<Buffer:/>"] kwargs={"type":"dict","entries":[["machoVersion",1]]}
[2026-03-15T16:44:12.231Z] CallReq method=SlashCmd callID=136 args=[{"type":"wstring","value":"/loadsys "}] kwargs={"type":"dict","entries":[["machoVersion",1]]} raw=[1,"<Buffer:SlashCmd>",[{"type":"wstring","value":"/loadsys "}],{"type":"dict","entries":[["machoVersion",1]]}]
[2026-03-15T16:44:12.232Z] SlashCmd user=2 char=140000005 command="/loadsys" args=[{"type":"wstring","value":"/loadsys "}] kwargs={"type":"dict","entries":[["machoVersion",1]]}
[2026-03-15T16:44:12.246Z] SlashCmd error user=2 char=140000005 command="/loadsys" args=[{"type":"wstring","value":"/loadsys "}] kwargs={"type":"dict","entries":[["machoVersion",1]]} error=ReferenceError: COMMAND_FEEDBACK_DELAY_MS is not defined
    at emitChatFeedback (D:\PROJECTS\eve.js\server\src\services\chat\chatCommands.js:198:11)
    at handledResult (D:\PROJECTS\eve.js\server\src\services\chat\chatCommands.js:212:3)
    at handleLoadSystemCommand (D:\PROJECTS\eve.js\server\src\services\chat\chatCommands.js:1351:10)
    at executeChatCommand (D:\PROJECTS\eve.js\server\src\services\chat\chatCommands.js:1457:12)
    at SlashService.Handle_SlashCmd (D:\PROJECTS\eve.js\server\src\services\admin\slashService.js:182:22)
    at SlashService.callMethod (D:\PROJECTS\eve.js\server\src\services\baseService.js:34:31)
    at PacketDispatcher._handleCallReq (D:\PROJECTS\eve.js\server\src\network\packetDispatcher.js:204:34)
    at PacketDispatcher.dispatch (D:\PROJECTS\eve.js\server\src\network\packetDispatcher.js:115:21)
    at Socket.<anonymous> (D:\PROJECTS\eve.js\server\src\network\tcp\index.js:170:26)
    at Socket.emit (node:events:508:28)
[2026-03-15T16:45:50.450Z] CallReq method=SlashCmd callID=146 args=["<Buffer:/tr me 60000364>"] kwargs={"type":"dict","entries":[["machoVersion",1]]} raw=[1,"<Buffer:SlashCmd>",["<Buffer:/tr me 60000364>"],{"type":"dict","entries":[["machoVersion",1]]}]
[2026-03-15T16:45:50.452Z] SlashCmd user=2 char=140000005 command="/tr me 60000364" args=["<Buffer:/tr me 60000364>"] kwargs={"type":"dict","entries":[["machoVersion",1]]}
[2026-03-15T16:45:50.460Z] SlashCmd error user=2 char=140000005 command="/tr me 60000364" args=["<Buffer:/tr me 60000364>"] kwargs={"type":"dict","entries":[["machoVersion",1]]} error=TypeError: getTeleportSession(...) is not a function
    at executeChatCommand (D:\PROJECTS\eve.js\server\src\services\chat\chatCommands.js:1897:40)
    at SlashService.Handle_SlashCmd (D:\PROJECTS\eve.js\server\src\services\admin\slashService.js:182:22)
    at SlashService.callMethod (D:\PROJECTS\eve.js\server\src\services\baseService.js:34:31)
    at PacketDispatcher._handleCallReq (D:\PROJECTS\eve.js\server\src\network\packetDispatcher.js:204:34)
    at PacketDispatcher.dispatch (D:\PROJECTS\eve.js\server\src\network\packetDispatcher.js:115:21)
    at Socket.<anonymous> (D:\PROJECTS\eve.js\server\src\network\tcp\index.js:170:26)
    at Socket.emit (node:events:508:28)
    at addChunk (node:internal/streams/readable:559:12)
    at readableAddChunkPushByteMode (node:internal/streams/readable:510:3)
    at Readable.push (node:internal/streams/readable:390:5)
[2026-03-15T16:48:22.101Z] CallReq method=SlashCmd callID=156 args=["<Buffer:/tr me 60000364>"] kwargs={"type":"dict","entries":[["machoVersion",1]]} raw=[1,"<Buffer:SlashCmd>",["<Buffer:/tr me 60000364>"],{"type":"dict","entries":[["machoVersion",1]]}]
[2026-03-15T16:48:22.103Z] SlashCmd user=2 char=140000005 command="/tr me 60000364" args=["<Buffer:/tr me 60000364>"] kwargs={"type":"dict","entries":[["machoVersion",1]]}
[2026-03-15T16:48:22.181Z] SlashCmd error user=2 char=140000005 command="/tr me 60000364" args=["<Buffer:/tr me 60000364>"] kwargs={"type":"dict","entries":[["machoVersion",1]]} error=ReferenceError: captureSpaceBootstrapState is not defined
    at teleportSession (D:\PROJECTS\eve.js\server\src\space\transitions.js:1001:30)
    at executeChatCommand (D:\PROJECTS\eve.js\server\src\services\chat\chatCommands.js:1897:40)
    at SlashService.Handle_SlashCmd (D:\PROJECTS\eve.js\server\src\services\admin\slashService.js:182:22)
    at SlashService.callMethod (D:\PROJECTS\eve.js\server\src\services\baseService.js:34:31)
    at PacketDispatcher._handleCallReq (D:\PROJECTS\eve.js\server\src\network\packetDispatcher.js:204:34)
    at PacketDispatcher.dispatch (D:\PROJECTS\eve.js\server\src\network\packetDispatcher.js:115:21)
    at Socket.<anonymous> (D:\PROJECTS\eve.js\server\src\network\tcp\index.js:170:26)
    at Socket.emit (node:events:508:28)
    at addChunk (node:internal/streams/readable:559:12)
    at readableAddChunkPushByteMode (node:internal/streams/readable:510:3)
[2026-03-15T16:48:55.375Z] CallReq method=SlashCmd callID=159 args=["<Buffer:/tr me 60000364>"] kwargs={"type":"dict","entries":[["machoVersion",1]]} raw=[1,"<Buffer:SlashCmd>",["<Buffer:/tr me 60000364>"],{"type":"dict","entries":[["machoVersion",1]]}]
[2026-03-15T16:48:55.377Z] SlashCmd user=2 char=140000005 command="/tr me 60000364" args=["<Buffer:/tr me 60000364>"] kwargs={"type":"dict","entries":[["machoVersion",1]]}
[2026-03-15T16:48:58.007Z] SlashCmd error user=2 char=140000005 command="/tr me 60000364" args=["<Buffer:/tr me 60000364>"] kwargs={"type":"dict","entries":[["machoVersion",1]]} error=ReferenceError: COMMAND_FEEDBACK_DELAY_MS is not defined
    at emitChatFeedback (D:\PROJECTS\eve.js\server\src\services\chat\chatCommands.js:198:11)
    at handledResult (D:\PROJECTS\eve.js\server\src\services\chat\chatCommands.js:212:3)
    at executeChatCommand (D:\PROJECTS\eve.js\server\src\services\chat\chatCommands.js:1920:12)
    at SlashService.Handle_SlashCmd (D:\PROJECTS\eve.js\server\src\services\admin\slashService.js:182:22)
    at SlashService.callMethod (D:\PROJECTS\eve.js\server\src\services\baseService.js:34:31)
    at PacketDispatcher._handleCallReq (D:\PROJECTS\eve.js\server\src\network\packetDispatcher.js:204:34)
    at PacketDispatcher.dispatch (D:\PROJECTS\eve.js\server\src\network\packetDispatcher.js:115:21)
    at Socket.<anonymous> (D:\PROJECTS\eve.js\server\src\network\tcp\index.js:170:26)
    at Socket.emit (node:events:508:28)
    at addChunk (node:internal/streams/readable:559:12)
[2026-03-15T17:02:43.213Z] CallReq method=SlashCmd callID=172 args=["<Buffer:/>"] kwargs={"type":"dict","entries":[["machoVersion",1]]} raw=[1,"<Buffer:SlashCmd>",["<Buffer:/>"],{"type":"dict","entries":[["machoVersion",1]]}]
[2026-03-15T17:02:43.221Z] SlashCmd user=2 char=140000005 command="/" args=["<Buffer:/>"] kwargs={"type":"dict","entries":[["machoVersion",1]]}
[2026-03-15T17:02:43.258Z] CallReq method=SlashCmd callID=173 args=[{"type":"wstring","value":"/help "}] kwargs={"type":"dict","entries":[["machoVersion",1]]} raw=[1,"<Buffer:SlashCmd>",[{"type":"wstring","value":"/help "}],{"type":"dict","entries":[["machoVersion",1]]}]
[2026-03-15T17:02:43.262Z] SlashCmd user=2 char=140000005 command="/help" args=[{"type":"wstring","value":"/help "}] kwargs={"type":"dict","entries":[["machoVersion",1]]}
[2026-03-15T17:02:43.287Z] SlashCmd error user=2 char=140000005 command="/help" args=[{"type":"wstring","value":"/help "}] kwargs={"type":"dict","entries":[["machoVersion",1]]} error=ReferenceError: COMMAND_FEEDBACK_DELAY_MS is not defined
    at emitChatFeedback (D:\PROJECTS\eve.js\server\src\services\chat\chatCommands.js:198:11)
    at handledResult (D:\PROJECTS\eve.js\server\src\services\chat\chatCommands.js:212:3)
    at executeChatCommand (D:\PROJECTS\eve.js\server\src\services\chat\chatCommands.js:1395:12)
    at SlashService.Handle_SlashCmd (D:\PROJECTS\eve.js\server\src\services\admin\slashService.js:182:22)
    at SlashService.callMethod (D:\PROJECTS\eve.js\server\src\services\baseService.js:34:31)
    at PacketDispatcher._handleCallReq (D:\PROJECTS\eve.js\server\src\network\packetDispatcher.js:204:34)
    at PacketDispatcher.dispatch (D:\PROJECTS\eve.js\server\src\network\packetDispatcher.js:115:21)
    at Socket.<anonymous> (D:\PROJECTS\eve.js\server\src\network\tcp\index.js:170:26)
    at Socket.emit (node:events:508:28)
    at addChunk (node:internal/streams/readable:559:12)
[2026-03-15T17:05:19.106Z] CallReq method=SlashCmd callID=133 args=["<Buffer:/>"] kwargs={"type":"dict","entries":[["machoVersion",1]]} raw=[1,"<Buffer:SlashCmd>",["<Buffer:/>"],{"type":"dict","entries":[["machoVersion",1]]}]
[2026-03-15T17:05:19.111Z] SlashCmd user=2 char=140000005 command="/" args=["<Buffer:/>"] kwargs={"type":"dict","entries":[["machoVersion",1]]}
[2026-03-15T17:05:19.130Z] CallReq method=SlashCmd callID=134 args=[{"type":"wstring","value":"/effect superweapon_amarr"}] kwargs={"type":"dict","entries":[["machoVersion",1]]} raw=[1,"<Buffer:SlashCmd>",[{"type":"wstring","value":"/effect superweapon_amarr"}],{"type":"dict","entries":[["machoVersion",1]]}]
[2026-03-15T17:05:19.134Z] SlashCmd user=2 char=140000005 command="/effect superweapon_amarr" args=[{"type":"wstring","value":"/effect superweapon_amarr"}] kwargs={"type":"dict","entries":[["machoVersion",1]]}
[2026-03-15T17:05:19.335Z] SlashCmd error user=2 char=140000005 command="/effect superweapon_amarr" args=[{"type":"wstring","value":"/effect superweapon_amarr"}] kwargs={"type":"dict","entries":[["machoVersion",1]]} error=ReferenceError: COMMAND_FEEDBACK_DELAY_MS is not defined
    at emitChatFeedback (D:\PROJECTS\eve.js\server\src\services\chat\chatCommands.js:198:11)
    at handledResult (D:\PROJECTS\eve.js\server\src\services\chat\chatCommands.js:212:3)
    at handleEffectCommand (D:\PROJECTS\eve.js\server\src\services\chat\chatCommands.js:1264:12)
    at executeChatCommand (D:\PROJECTS\eve.js\server\src\services\chat\chatCommands.js:1453:12)
    at SlashService.Handle_SlashCmd (D:\PROJECTS\eve.js\server\src\services\admin\slashService.js:182:22)
    at SlashService.callMethod (D:\PROJECTS\eve.js\server\src\services\baseService.js:34:31)
    at PacketDispatcher._handleCallReq (D:\PROJECTS\eve.js\server\src\network\packetDispatcher.js:204:34)
    at PacketDispatcher.dispatch (D:\PROJECTS\eve.js\server\src\network\packetDispatcher.js:115:21)
    at Socket.<anonymous> (D:\PROJECTS\eve.js\server\src\network\tcp\index.js:170:26)
    at Socket.emit (node:events:508:28)
[2026-03-15T17:09:28.304Z] CallReq method=SlashCmd callID=134 args=["<Buffer:/>"] kwargs={"type":"dict","entries":[["machoVersion",1]]} raw=[1,"<Buffer:SlashCmd>",["<Buffer:/>"],{"type":"dict","entries":[["machoVersion",1]]}]
[2026-03-15T17:09:28.411Z] SlashCmd user=2 char=140000005 command="/" args=["<Buffer:/>"] kwargs={"type":"dict","entries":[["machoVersion",1]]}
[2026-03-15T17:09:28.802Z] CallReq method=SlashCmd callID=135 args=[{"type":"wstring","value":"/effect superweapon_amarr"}] kwargs={"type":"dict","entries":[["machoVersion",1]]} raw=[1,"<Buffer:SlashCmd>",[{"type":"wstring","value":"/effect superweapon_amarr"}],{"type":"dict","entries":[["machoVersion",1]]}]
[2026-03-15T17:09:28.883Z] SlashCmd user=2 char=140000005 command="/effect superweapon_amarr" args=[{"type":"wstring","value":"/effect superweapon_amarr"}] kwargs={"type":"dict","entries":[["machoVersion",1]]}
[2026-03-15T17:11:26.208Z] CallReq method=SlashCmd callID=141 args=["<Buffer:/tr me 40009076>"] kwargs={"type":"dict","entries":[["machoVersion",1]]} raw=[1,"<Buffer:SlashCmd>",["<Buffer:/tr me 40009076>"],{"type":"dict","entries":[["machoVersion",1]]}]
[2026-03-15T17:11:26.211Z] SlashCmd user=2 char=140000005 command="/tr me 40009076" args=["<Buffer:/tr me 40009076>"] kwargs={"type":"dict","entries":[["machoVersion",1]]}
[2026-03-15T17:13:07.219Z] CallReq method=SlashCmd callID=183 args=[{"type":"wstring","value":"/ship Karura"}] kwargs={"type":"dict","entries":[["machoVersion",1]]} raw=[1,"<Buffer:SlashCmd>",[{"type":"wstring","value":"/ship Karura"}],{"type":"dict","entries":[["machoVersion",1]]}]
[2026-03-15T17:13:07.223Z] SlashCmd user=2 char=140000005 command="/ship Karura" args=[{"type":"wstring","value":"/ship Karura"}] kwargs={"type":"dict","entries":[["machoVersion",1]]}
[2026-03-15T17:14:07.839Z] CallReq method=SlashCmd callID=213 args=[{"type":"wstring","value":"/effect celestial_beam"}] kwargs={"type":"dict","entries":[["machoVersion",1]]} raw=[1,"<Buffer:SlashCmd>",[{"type":"wstring","value":"/effect celestial_beam"}],{"type":"dict","entries":[["machoVersion",1]]}]
[2026-03-15T17:14:07.971Z] SlashCmd user=2 char=140000005 command="/effect celestial_beam" args=[{"type":"wstring","value":"/effect celestial_beam"}] kwargs={"type":"dict","entries":[["machoVersion",1]]}
[2026-03-15T17:16:15.773Z] CallReq method=SlashCmd callID=221 args=["<Buffer:/tr me 40009076>"] kwargs={"type":"dict","entries":[["machoVersion",1]]} raw=[1,"<Buffer:SlashCmd>",["<Buffer:/tr me 40009076>"],{"type":"dict","entries":[["machoVersion",1]]}]
[2026-03-15T17:16:15.776Z] SlashCmd user=2 char=140000005 command="/tr me 40009076" args=["<Buffer:/tr me 40009076>"] kwargs={"type":"dict","entries":[["machoVersion",1]]}
