[2026-03-15T16:43:10.835Z] CallReq service=home_station rawService=home_station method=get_home_station callID=64 currentBound=null args=[] kwargs={"type":"dict","entries":[["machoVersion",1]]}
[2026-03-15T16:43:10.941Z] CallRsp service=home_station method=get_home_station callID=64 result={"type":"object","name":"util.KeyVal","args":{"type":"dict","entries":[["id",60003760],["station_id",60003760],["stationID",60003760],["home_station_id",60003760],["type_id",52678],["typeID",52678],["station_type_id",52678],["name","Jita IV - Moon 4 - Caldari Navy Assembly Plant"],["station_name","Jita IV - Moon 4 - Caldari Navy Assembly Plant"],["stationName","Jita IV - Moon 4 - Caldari Navy Assembly Plant"],["solar_system_id",30000142],["solarSystemID",30000142],["constellation_id",20000020],["constellationID",20000020],["region_id",10000002],["regionID",10000002],["owner_id",1000035],["ownerID",1000035],["clone_station_id",60003760],["cloneStationID",60003760],["is_fallback",false],["isFallback",false],["stationTypeID",52678]]}}
[2026-03-15T16:43:21.361Z] CallReq service=beyonce rawService=beyonce method=GetFormations callID=87 currentBound=null args=[] kwargs={"type":"dict","entries":[["machoVersion",1]]}
[2026-03-15T16:43:21.362Z] CallRsp service=beyonce method=GetFormations callID=87 result=[["Diamond",[[100,0,0],[0,100,0],[-100,0,0],[0,-100,0]]],["Arrow",[[100,0,-50],[50,0,0],[-100,0,-50],[-50,0,0]]]]
[2026-03-15T16:43:21.454Z] CallReq service=beyonce rawService=beyonce method=MachoResolveObject callID=90 currentBound=null args=[30000142] kwargs={"type":"dict","entries":[["machoVersion",1]]}
[2026-03-15T16:43:21.455Z] CallRsp service=beyonce method=MachoResolveObject callID=90 result=65450
[2026-03-15T16:43:21.603Z] CallReq service=beyonce rawService=beyonce method=MachoBindObject callID=94 currentBound=null args=[30000142,null] kwargs={"type":"dict","entries":[["machoVersion",1]]}
[2026-03-15T16:43:21.609Z] CallRsp service=beyonce method=MachoBindObject callID=94 result=[{"type":"substruct","value":{"type":"substream","value":["N=65450:8","134180666016080000"]}},null]
[2026-03-15T16:45:28.869Z] CallReq service=beyonce rawService=N=65450:8 method=CmdGotoDirection callID=141 currentBound=null args=[0.8643234968185425,0.04073411226272583,-0.5012838840484619] kwargs={"type":"dict","entries":[["machoVersion",1]]}
[2026-03-15T16:45:28.885Z] CallRsp service=beyonce method=CmdGotoDirection callID=141 result=null
[2026-03-15T16:45:32.939Z] CallReq service=beyonce rawService=N=65450:8 method=CmdFollowBall callID=143 currentBound=null args=[50001249,50] kwargs={"type":"dict","entries":[["machoVersion",1]]}
[2026-03-15T16:45:32.953Z] CallRsp service=beyonce method=CmdFollowBall callID=143 result=null
[2026-03-15T16:45:53.242Z] CallReq service=beyonce rawService=N=65450:8 method=CmdStop callID=147 currentBound=null args=[] kwargs={"type":"dict","entries":[["machoVersion",1]]}
[2026-03-15T16:45:53.286Z] CallRsp service=beyonce method=CmdStop callID=147 result=null
[2026-03-15T16:49:01.829Z] CallReq service=ship rawService=ship method=MachoBindObject callID=176 currentBound=null args=[[60000364,15],["<Buffer:GetDirtTimestamp>",[140000106],{"type":"dict","entries":[]}]] kwargs={"type":"dict","entries":[["machoVersion",1]]}
[2026-03-15T16:49:01.843Z] CallRsp service=ship method=MachoBindObject callID=176 result=[{"type":"substruct","value":{"type":"substream","value":["N=65450:15","134180669418340000"]}},"0"]
[2026-03-15T16:49:02.316Z] CallReq service=ship rawService=ship method=MachoBindObject callID=183 currentBound=null args=[[60000364,15],["<Buffer:GetDirtTimestamp>",[140000106],{"type":"dict","entries":[]}]] kwargs={"type":"dict","entries":[["machoVersion",1]]}
[2026-03-15T16:49:02.336Z] CallRsp service=ship method=MachoBindObject callID=183 result=[{"type":"substruct","value":{"type":"substream","value":["N=65450:18","134180669423300000"]}},"0"]
[2026-03-15T16:51:06.879Z] CallReq service=ship rawService=ship method=MachoBindObject callID=96 currentBound=null args=[[60000364,15],["<Buffer:GetDirtTimestamp>",[140000106],{"type":"dict","entries":[]}]] kwargs={"type":"dict","entries":[["machoVersion",1]]}
[2026-03-15T16:51:06.883Z] CallRsp service=ship method=MachoBindObject callID=96 result=[{"type":"substruct","value":{"type":"substream","value":["N=65450:12","134180670668810000"]}},"0"]
[2026-03-15T16:51:07.882Z] CallReq service=ship rawService=ship method=MachoBindObject callID=112 currentBound=null args=[[60000364,15],["<Buffer:GetDirtTimestamp>",[140000106],{"type":"dict","entries":[]}]] kwargs={"type":"dict","entries":[["machoVersion",1]]}
[2026-03-15T16:51:07.885Z] CallRsp service=ship method=MachoBindObject callID=112 result=[{"type":"substruct","value":{"type":"substream","value":["N=65450:14","134180670678840000"]}},"0"]
[2026-03-15T16:52:39.225Z] CallReq service=ship rawService=ship method=MachoBindObject callID=97 currentBound=null args=[[60000364,15],["<Buffer:GetDirtTimestamp>",[140000106],{"type":"dict","entries":[]}]] kwargs={"type":"dict","entries":[["machoVersion",1]]}
[2026-03-15T16:52:39.228Z] CallRsp service=ship method=MachoBindObject callID=97 result=[{"type":"substruct","value":{"type":"substream","value":["N=65450:26","134180671592270000"]}},"0"]
[2026-03-15T16:52:40.139Z] CallReq service=ship rawService=ship method=MachoBindObject callID=113 currentBound=null args=[[60000364,15],["<Buffer:GetDirtTimestamp>",[140000106],{"type":"dict","entries":[]}]] kwargs={"type":"dict","entries":[["machoVersion",1]]}
[2026-03-15T16:52:40.142Z] CallRsp service=ship method=MachoBindObject callID=113 result=[{"type":"substruct","value":{"type":"substream","value":["N=65450:28","134180671601410000"]}},"0"]
[2026-03-15T17:01:12.605Z] CallReq service=ship rawService=ship method=MachoBindObject callID=100 currentBound=null args=[[60000364,15],["<Buffer:GetDirtTimestamp>",[140000106],{"type":"dict","entries":[]}]] kwargs={"type":"dict","entries":[["machoVersion",1]]}
[2026-03-15T17:01:12.610Z] CallRsp service=ship method=MachoBindObject callID=100 result=[{"type":"substruct","value":{"type":"substream","value":["N=65450:13","134180676726080000"]}},"0"]
[2026-03-15T17:01:14.076Z] CallReq service=ship rawService=ship method=MachoBindObject callID=112 currentBound=null args=[[60000364,15],["<Buffer:GetDirtTimestamp>",[140000106],{"type":"dict","entries":[]}]] kwargs={"type":"dict","entries":[["machoVersion",1]]}
[2026-03-15T17:01:14.079Z] CallRsp service=ship method=MachoBindObject callID=112 result=[{"type":"substruct","value":{"type":"substream","value":["N=65450:14","134180676740770000"]}},"0"]
[2026-03-15T17:01:43.474Z] CallReq service=ship rawService=ship method=MachoBindObject callID=130 currentBound=null args=[[60000364,15],["<Buffer:Undock>",[140000106,false],{"type":"dict","entries":[["<max-depth>","<max-depth>"]]}]] kwargs={"type":"dict","entries":[["machoVersion",1]]}
[2026-03-15T17:01:44.084Z] CallRsp service=ship method=MachoBindObject callID=130 result=[{"type":"substruct","value":{"type":"substream","value":["N=65450:15","134180677034770000"]}},["N=65450:15","134180677040830000"]]
[2026-03-15T17:01:45.066Z] CallReq service=home_station rawService=home_station method=get_home_station callID=141 currentBound=null args=[] kwargs={"type":"dict","entries":[["machoVersion",1]]}
[2026-03-15T17:01:45.243Z] CallRsp service=home_station method=get_home_station callID=141 result={"type":"object","name":"util.KeyVal","args":{"type":"dict","entries":[["id",60003760],["station_id",60003760],["stationID",60003760],["home_station_id",60003760],["type_id",52678],["typeID",52678],["station_type_id",52678],["name","Jita IV - Moon 4 - Caldari Navy Assembly Plant"],["station_name","Jita IV - Moon 4 - Caldari Navy Assembly Plant"],["stationName","Jita IV - Moon 4 - Caldari Navy Assembly Plant"],["solar_system_id",30000142],["solarSystemID",30000142],["constellation_id",20000020],["constellationID",20000020],["region_id",10000002],["regionID",10000002],["owner_id",1000035],["ownerID",1000035],["clone_station_id",60003760],["cloneStationID",60003760],["is_fallback",false],["isFallback",false],["stationTypeID",52678]]}}
[2026-03-15T17:01:46.549Z] CallReq service=beyonce rawService=beyonce method=GetFormations callID=143 currentBound=null args=[] kwargs={"type":"dict","entries":[["machoVersion",1]]}
[2026-03-15T17:01:46.552Z] CallRsp service=beyonce method=GetFormations callID=143 result=[["Diamond",[[100,0,0],[0,100,0],[-100,0,0],[0,-100,0]]],["Arrow",[[100,0,-50],[50,0,0],[-100,0,-50],[-50,0,0]]]]
[2026-03-15T17:01:46.565Z] CallReq service=beyonce rawService=beyonce method=MachoResolveObject callID=144 currentBound=null args=[30000142] kwargs={"type":"dict","entries":[["machoVersion",1]]}
[2026-03-15T17:01:46.568Z] CallRsp service=beyonce method=MachoResolveObject callID=144 result=65450
[2026-03-15T17:01:46.598Z] CallReq service=beyonce rawService=beyonce method=MachoBindObject callID=145 currentBound=null args=[30000142,null] kwargs={"type":"dict","entries":[["machoVersion",1]]}
[2026-03-15T17:01:46.601Z] CallRsp service=beyonce method=MachoBindObject callID=145 result=[{"type":"substruct","value":{"type":"substream","value":["N=65450:20","134180677065990000"]}},null]
[2026-03-15T17:02:30.138Z] CallReq service=beyonce rawService=N=65450:20 method=CmdGotoDirection callID=161 currentBound=null args=[-0.26233604550361633,0.047650497406721115,0.9637993574142456] kwargs={"type":"dict","entries":[["machoVersion",1]]}
[2026-03-15T17:02:30.166Z] CallRsp service=beyonce method=CmdGotoDirection callID=161 result=null
[2026-03-15T17:03:34.755Z] CallReq service=beyonce rawService=N=65450:20 method=CmdStop callID=174 currentBound=null args=[] kwargs={"type":"dict","entries":[["machoVersion",1]]}
[2026-03-15T17:03:34.843Z] CallRsp service=beyonce method=CmdStop callID=174 result=null
[2026-03-15T17:03:38.854Z] CallReq service=beyonce rawService=N=65450:20 method=CmdFollowBall callID=175 currentBound=null args=[60000364,50] kwargs={"type":"dict","entries":[["machoVersion",1]]}
[2026-03-15T17:03:38.939Z] CallRsp service=beyonce method=CmdFollowBall callID=175 result=null
[2026-03-15T17:04:43.745Z] CallReq service=home_station rawService=home_station method=get_home_station callID=66 currentBound=null args=[] kwargs={"type":"dict","entries":[["machoVersion",1]]}
[2026-03-15T17:04:43.951Z] CallRsp service=home_station method=get_home_station callID=66 result={"type":"object","name":"util.KeyVal","args":{"type":"dict","entries":[["id",60003760],["station_id",60003760],["stationID",60003760],["home_station_id",60003760],["type_id",52678],["typeID",52678],["station_type_id",52678],["name","Jita IV - Moon 4 - Caldari Navy Assembly Plant"],["station_name","Jita IV - Moon 4 - Caldari Navy Assembly Plant"],["stationName","Jita IV - Moon 4 - Caldari Navy Assembly Plant"],["solar_system_id",30000142],["solarSystemID",30000142],["constellation_id",20000020],["constellationID",20000020],["region_id",10000002],["regionID",10000002],["owner_id",1000035],["ownerID",1000035],["clone_station_id",60003760],["cloneStationID",60003760],["is_fallback",false],["isFallback",false],["stationTypeID",52678]]}}
[2026-03-15T17:04:50.049Z] CallReq service=beyonce rawService=beyonce method=GetFormations callID=91 currentBound=null args=[] kwargs={"type":"dict","entries":[["machoVersion",1]]}
[2026-03-15T17:04:50.052Z] CallRsp service=beyonce method=GetFormations callID=91 result=[["Diamond",[[100,0,0],[0,100,0],[-100,0,0],[0,-100,0]]],["Arrow",[[100,0,-50],[50,0,0],[-100,0,-50],[-50,0,0]]]]
[2026-03-15T17:04:50.061Z] CallReq service=beyonce rawService=beyonce method=MachoResolveObject callID=93 currentBound=null args=[30000142] kwargs={"type":"dict","entries":[["machoVersion",1]]}
[2026-03-15T17:04:50.062Z] CallRsp service=beyonce method=MachoResolveObject callID=93 result=65450
[2026-03-15T17:04:50.271Z] CallReq service=beyonce rawService=beyonce method=MachoBindObject callID=96 currentBound=null args=[30000142,null] kwargs={"type":"dict","entries":[["machoVersion",1]]}
[2026-03-15T17:04:50.274Z] CallRsp service=beyonce method=MachoBindObject callID=96 result=[{"type":"substruct","value":{"type":"substream","value":["N=65450:11","134180678902720000"]}},null]
[2026-03-15T17:05:05.847Z] CallReq service=beyonce rawService=N=65450:11 method=CmdStop callID=127 currentBound=null args=[] kwargs={"type":"dict","entries":[["machoVersion",1]]}
[2026-03-15T17:05:05.940Z] CallRsp service=beyonce method=CmdStop callID=127 result=null
[2026-03-15T17:08:44.007Z] CallReq service=home_station rawService=home_station method=get_home_station callID=68 currentBound=null args=[] kwargs={"type":"dict","entries":[["machoVersion",1]]}
[2026-03-15T17:08:44.124Z] CallRsp service=home_station method=get_home_station callID=68 result={"type":"object","name":"util.KeyVal","args":{"type":"dict","entries":[["id",60003760],["station_id",60003760],["stationID",60003760],["home_station_id",60003760],["type_id",52678],["typeID",52678],["station_type_id",52678],["name","Jita IV - Moon 4 - Caldari Navy Assembly Plant"],["station_name","Jita IV - Moon 4 - Caldari Navy Assembly Plant"],["stationName","Jita IV - Moon 4 - Caldari Navy Assembly Plant"],["solar_system_id",30000142],["solarSystemID",30000142],["constellation_id",20000020],["constellationID",20000020],["region_id",10000002],["regionID",10000002],["owner_id",1000035],["ownerID",1000035],["clone_station_id",60003760],["cloneStationID",60003760],["is_fallback",false],["isFallback",false],["stationTypeID",52678]]}}
[2026-03-15T17:08:47.473Z] CallReq service=beyonce rawService=beyonce method=GetFormations callID=93 currentBound=null args=[] kwargs={"type":"dict","entries":[["machoVersion",1]]}
[2026-03-15T17:08:47.476Z] CallRsp service=beyonce method=GetFormations callID=93 result=[["Diamond",[[100,0,0],[0,100,0],[-100,0,0],[0,-100,0]]],["Arrow",[[100,0,-50],[50,0,0],[-100,0,-50],[-50,0,0]]]]
[2026-03-15T17:08:47.487Z] CallReq service=beyonce rawService=beyonce method=MachoResolveObject callID=94 currentBound=null args=[30000142] kwargs={"type":"dict","entries":[["machoVersion",1]]}
[2026-03-15T17:08:47.489Z] CallRsp service=beyonce method=MachoResolveObject callID=94 result=65450
[2026-03-15T17:08:47.717Z] CallReq service=beyonce rawService=beyonce method=MachoBindObject callID=97 currentBound=null args=[30000142,null] kwargs={"type":"dict","entries":[["machoVersion",1]]}
[2026-03-15T17:08:47.721Z] CallRsp service=beyonce method=MachoBindObject callID=97 result=[{"type":"substruct","value":{"type":"substream","value":["N=65450:11","134180681277190000"]}},null]
[2026-03-15T17:09:45.723Z] CallReq service=beyonce rawService=N=65450:11 method=CmdGotoDirection callID=138 currentBound=null args=[-0.8962089419364929,0.3638756573200226,-0.2537793219089508] kwargs={"type":"dict","entries":[["machoVersion",1]]}
[2026-03-15T17:09:45.773Z] CallRsp service=beyonce method=CmdGotoDirection callID=138 result=null
[2026-03-15T17:10:37.399Z] CallReq service=beyonce rawService=N=65450:11 method=CmdGotoDirection callID=140 currentBound=null args=[0.8919965028762817,-0.27203473448753357,0.361025333404541] kwargs={"type":"dict","entries":[["machoVersion",1]]}
[2026-03-15T17:10:37.424Z] CallRsp service=beyonce method=CmdGotoDirection callID=140 result=null
[2026-03-15T17:11:41.974Z] CallReq service=beyonce rawService=N=65450:11 method=CmdDock callID=147 currentBound=null args=[60000364,140000106] kwargs={"type":"dict","entries":[["machoVersion",1]]}
[2026-03-15T17:11:42.032Z] CallRsp service=beyonce method=CmdDock callID=147 result="134180683019850000"
[2026-03-15T17:11:57.670Z] CallReq service=ship rawService=ship method=MachoBindObject callID=168 currentBound=null args=[[60000364,15],["<Buffer:GetDirtTimestamp>",[140000106],{"type":"dict","entries":[]}]] kwargs={"type":"dict","entries":[["machoVersion",1]]}
[2026-03-15T17:11:57.680Z] CallRsp service=ship method=MachoBindObject callID=168 result=[{"type":"substruct","value":{"type":"substream","value":["N=65450:19","134180683176750000"]}},"0"]
[2026-03-15T17:11:59.513Z] CallReq service=ship rawService=ship method=MachoBindObject callID=172 currentBound=null args=[[60000364,15],["<Buffer:GetDirtTimestamp>",[140000106],{"type":"dict","entries":[]}]] kwargs={"type":"dict","entries":[["machoVersion",1]]}
[2026-03-15T17:11:59.591Z] CallRsp service=ship method=MachoBindObject callID=172 result=[{"type":"substruct","value":{"type":"substream","value":["N=65450:20","134180683195770000"]}},"0"]
[2026-03-15T17:13:09.766Z] CallReq service=ship rawService=ship method=MachoBindObject callID=187 currentBound=null args=[[60000364,15],["<Buffer:Board>",[140000148,140000106],{"type":"dict","entries":[]}]] kwargs={"type":"dict","entries":[["machoVersion",1]]}
[2026-03-15T17:13:10.860Z] CallRsp service=ship method=MachoBindObject callID=187 result=[{"type":"substruct","value":{"type":"substream","value":["N=65450:22","134180683897700000"]}},[{"type":"dict","entries":[["<max-depth>","<max-depth>"],["<max-depth>","<max-depth>"]]},{"type":"dict","entries":[]},{"type":"dict","entries":[]},{"type":"dict","entries":[]}]]
[2026-03-15T17:13:18.344Z] CallReq service=ship rawService=ship method=MachoBindObject callID=195 currentBound=null args=[[60000364,15],["<Buffer:GetDirtTimestamp>",[140000148],{"type":"dict","entries":[]}]] kwargs={"type":"dict","entries":[["machoVersion",1]]}
[2026-03-15T17:13:18.362Z] CallRsp service=ship method=MachoBindObject callID=195 result=[{"type":"substruct","value":{"type":"substream","value":["N=65450:25","134180683983500000"]}},"134180683903940000"]
[2026-03-15T17:13:30.569Z] CallReq service=ship rawService=ship method=MachoBindObject callID=199 currentBound=null args=[[60000364,15],["<Buffer:Undock>",[140000148,false],{"type":"dict","entries":[["<max-depth>","<max-depth>"]]}]] kwargs={"type":"dict","entries":[["machoVersion",1]]}
[2026-03-15T17:13:31.639Z] CallRsp service=ship method=MachoBindObject callID=199 result=[{"type":"substruct","value":{"type":"substream","value":["N=65450:26","134180684105730000"]}},["N=65450:26","134180684116360000"]]
[2026-03-15T17:13:34.076Z] CallReq service=beyonce rawService=beyonce method=GetFormations callID=207 currentBound=null args=[] kwargs={"type":"dict","entries":[["machoVersion",1]]}
[2026-03-15T17:13:34.078Z] CallRsp service=beyonce method=GetFormations callID=207 result=[["Diamond",[[100,0,0],[0,100,0],[-100,0,0],[0,-100,0]]],["Arrow",[[100,0,-50],[50,0,0],[-100,0,-50],[-50,0,0]]]]
[2026-03-15T17:13:34.093Z] CallReq service=beyonce rawService=beyonce method=MachoBindObject callID=208 currentBound=null args=[30000142,null] kwargs={"type":"dict","entries":[["machoVersion",1]]}
[2026-03-15T17:13:34.097Z] CallRsp service=beyonce method=MachoBindObject callID=208 result=[{"type":"substruct","value":{"type":"substream","value":["N=65450:31","134180684140940000"]}},null]
[2026-03-15T17:13:49.742Z] CallReq service=beyonce rawService=N=65450:31 method=CmdGotoDirection callID=212 currentBound=null args=[0.3434293270111084,0.07520969957113266,0.9361622929573059] kwargs={"type":"dict","entries":[["machoVersion",1]]}
[2026-03-15T17:13:49.817Z] CallRsp service=beyonce method=CmdGotoDirection callID=212 result=null
[2026-03-15T17:15:28.025Z] CallReq service=beyonce rawService=N=65450:31 method=CmdWarpToStuff callID=219 currentBound=null args=["<Buffer:item>",40009076] kwargs={"type":"dict","entries":[["<Buffer:minRange>",0],["machoVersion",1]]}
[2026-03-15T17:15:28.216Z] CallRsp service=beyonce method=CmdWarpToStuff callID=219 result=null
[2026-03-15T17:15:38.396Z] CallReq service=beyonce rawService=N=65450:31 method=CmdStop callID=220 currentBound=null args=[] kwargs={"type":"dict","entries":[["machoVersion",1]]}
[2026-03-15T17:15:38.493Z] CallRsp service=beyonce method=CmdStop callID=220 result=null
[2026-03-15T17:16:17.741Z] CallReq service=beyonce rawService=N=65450:31 method=CmdDock callID=222 currentBound=null args=[60000364,140000148] kwargs={"type":"dict","entries":[["machoVersion",1]]}
[2026-03-15T17:16:17.803Z] CallRsp service=beyonce method=CmdDock callID=222 result="134180685777440000"
[2026-03-15T17:16:35.615Z] CallReq service=ship rawService=ship method=MachoBindObject callID=236 currentBound=null args=[[60000364,15],["<Buffer:GetDirtTimestamp>",[140000148],{"type":"dict","entries":[]}]] kwargs={"type":"dict","entries":[["machoVersion",1]]}
[2026-03-15T17:16:35.617Z] CallRsp service=ship method=MachoBindObject callID=236 result=[{"type":"substruct","value":{"type":"substream","value":["N=65450:40","134180685956160000"]}},"0"]
